<?xml version="1.0" encoding="UTF-8"?>
<!-- Generated by org.testng.reporters.JUnitXMLReporter -->
<testsuite ignored="0" hostname="DESKTOP-AJTR7GF" failures="0" tests="5" name="Test" time="20.084" errors="0" timestamp="2022-07-11T18:53:46 ART">
  <testcase classname="Demoqa" name="loadPage" time="9.693"/>
  <testcase classname="Demoqa" name="searchBook" time="4.57"/>
  <testcase classname="Demoqa" name="searchRegister" time="0.554"/>
  <testcase classname="Demoqa" name="register" time="3.53"/>
  <testcase classname="Demoqa" name="finishTest" time="0.107"/>
</testsuite> <!-- Test -->
