<?xml version="1.0" encoding="UTF-8"?>
<!-- Generated by org.testng.reporters.JUnitXMLReporter -->
<testsuite ignored="0" hostname="DESKTOP-AJTR7GF" failures="0" tests="5" name="Default test" time="20.429" errors="0" timestamp="2022-07-11T18:56:19 ART">
  <testcase classname="Demoqa" name="loadPage" time="10.266"/>
  <testcase classname="Demoqa" name="searchBook" time="4.401"/>
  <testcase classname="Demoqa" name="searchRegister" time="0.561"/>
  <testcase classname="Demoqa" name="register" time="3.244"/>
  <testcase classname="Demoqa" name="finishTest" time="0.144"/>
</testsuite> <!-- Default test -->
