<?xml version="1.0" encoding="UTF-8"?>
<testng-results ignored="0" total="5" passed="5" failed="0" skipped="0">
  <reporter-output>
  </reporter-output>
  <suite started-at="2022-07-11T18:55:59 ART" name="Default suite" finished-at="2022-07-11T18:56:19 ART" duration-ms="20429">
    <groups>
    </groups>
    <test started-at="2022-07-11T18:55:59 ART" name="Default test" finished-at="2022-07-11T18:56:19 ART" duration-ms="20429">
      <class name="Demoqa">
        <test-method is-config="true" signature="launchBrowser()[pri:0, instance:Demoqa@20f5239f]" started-at="2022-07-11T18:55:59 ART" name="launchBrowser" finished-at="2022-07-11T18:56:01 ART" duration-ms="1753" status="PASS">
          <reporter-output>
          </reporter-output>
        </test-method> <!-- launchBrowser -->
        <test-method signature="loadPage()[pri:1, instance:Demoqa@20f5239f]" started-at="2022-07-11T18:56:01 ART" name="loadPage" finished-at="2022-07-11T18:56:11 ART" duration-ms="10266" status="PASS">
          <reporter-output>
          </reporter-output>
        </test-method> <!-- loadPage -->
        <test-method signature="searchBook()[pri:2, instance:Demoqa@20f5239f]" started-at="2022-07-11T18:56:11 ART" name="searchBook" finished-at="2022-07-11T18:56:15 ART" duration-ms="4401" status="PASS">
          <reporter-output>
          </reporter-output>
        </test-method> <!-- searchBook -->
        <test-method signature="searchRegister()[pri:3, instance:Demoqa@20f5239f]" started-at="2022-07-11T18:56:15 ART" name="searchRegister" finished-at="2022-07-11T18:56:16 ART" duration-ms="561" status="PASS">
          <reporter-output>
          </reporter-output>
        </test-method> <!-- searchRegister -->
        <test-method signature="register()[pri:4, instance:Demoqa@20f5239f]" started-at="2022-07-11T18:56:16 ART" name="register" finished-at="2022-07-11T18:56:19 ART" duration-ms="3244" status="PASS">
          <reporter-output>
          </reporter-output>
        </test-method> <!-- register -->
        <test-method signature="finishTest()[pri:5, instance:Demoqa@20f5239f]" started-at="2022-07-11T18:56:19 ART" name="finishTest" finished-at="2022-07-11T18:56:19 ART" duration-ms="144" status="PASS">
          <reporter-output>
          </reporter-output>
        </test-method> <!-- finishTest -->
      </class> <!-- Demoqa -->
    </test> <!-- Default test -->
  </suite> <!-- Default suite -->
</testng-results>
